C:/Users/33782/OneDrive/Bureau/HUFFMAN PROJET/projet/huffman.c:142: warning: argument 'List' of command @param is not found in the argument list of arbre_huffman(List li)
C:/Users/33782/OneDrive/Bureau/HUFFMAN PROJET/projet/huffman.c:149: warning: The following parameter of arbre_huffman(List li) is not documented:
  parameter 'li'
C:/Users/33782/OneDrive/Bureau/HUFFMAN PROJET/projet/huffman.c:285: warning: argument 'FILE' of command @param is not found in the argument list of Compression(FILE *input)
C:/Users/33782/OneDrive/Bureau/HUFFMAN PROJET/projet/huffman.c:290: warning: The following parameter of Compression(FILE *input) is not documented:
  parameter 'input'
C:/Users/33782/OneDrive/Bureau/HUFFMAN PROJET/projet/huffman.c:15: warning: argument 'int' of command @param is not found in the argument list of conversion_binaire(int n)
C:/Users/33782/OneDrive/Bureau/HUFFMAN PROJET/projet/huffman.c:20: warning: The following parameter of conversion_binaire(int n) is not documented:
  parameter 'n'
C:/Users/33782/OneDrive/Bureau/HUFFMAN PROJET/projet/huffman.c:181: warning: argument 'Tree' of command @param is not found in the argument list of create_dico(Tree *a, PileElement **P, FILE *dico)
C:/Users/33782/OneDrive/Bureau/HUFFMAN PROJET/projet/huffman.c:181: warning: argument 'PileElement' of command @param is not found in the argument list of create_dico(Tree *a, PileElement **P, FILE *dico)
C:/Users/33782/OneDrive/Bureau/HUFFMAN PROJET/projet/huffman.c:181: warning: argument 'FILE' of command @param is not found in the argument list of create_dico(Tree *a, PileElement **P, FILE *dico)
C:/Users/33782/OneDrive/Bureau/HUFFMAN PROJET/projet/huffman.c:189: warning: The following parameters of create_dico(Tree *a, PileElement **P, FILE *dico) are not documented:
  parameter 'a'
  parameter 'P'
  parameter 'dico'
C:/Users/33782/OneDrive/Bureau/HUFFMAN PROJET/projet/huffman.c:314: warning: argument 'FILE' of command @param is not found in the argument list of encodage_opti(FILE *input, FILE *dico)
C:/Users/33782/OneDrive/Bureau/HUFFMAN PROJET/projet/huffman.c:314: warning: argument 'FILE' of command @param is not found in the argument list of encodage_opti(FILE *input, FILE *dico)
C:/Users/33782/OneDrive/Bureau/HUFFMAN PROJET/projet/huffman.c:320: warning: The following parameters of encodage_opti(FILE *input, FILE *dico) are not documented:
  parameter 'input'
  parameter 'dico'
C:/Users/33782/OneDrive/Bureau/HUFFMAN PROJET/projet/huffman.c:93: warning: argument 'FILE' of command @param is not found in the argument list of list_huffman(FILE *f1)
C:/Users/33782/OneDrive/Bureau/HUFFMAN PROJET/projet/huffman.c:100: warning: The following parameter of list_huffman(FILE *f1) is not documented:
  parameter 'f1'
C:/Users/33782/OneDrive/Bureau/HUFFMAN PROJET/projet/huffman.c:74: warning: argument 'FILE' of command @param is not found in the argument list of size_fic(FILE *fic)
C:/Users/33782/OneDrive/Bureau/HUFFMAN PROJET/projet/huffman.c:81: warning: The following parameter of size_fic(FILE *fic) is not documented:
  parameter 'fic'
C:/Users/33782/OneDrive/Bureau/HUFFMAN PROJET/projet/huffman.c:142: warning: argument 'List' of command @param is not found in the argument list of arbre_huffman(List li)
C:/Users/33782/OneDrive/Bureau/HUFFMAN PROJET/projet/huffman.h:53: warning: The following parameter of arbre_huffman(List li) is not documented:
  parameter 'li'
C:/Users/33782/OneDrive/Bureau/HUFFMAN PROJET/projet/projet.c:70: warning: argument 'List' of command @param is not found in the argument list of clear_list(List li)
C:/Users/33782/OneDrive/Bureau/HUFFMAN PROJET/projet/huffman.h:62: warning: The following parameter of clear_list(List li) is not documented:
  parameter 'li'
C:/Users/33782/OneDrive/Bureau/HUFFMAN PROJET/projet/projet.c:133: warning: argument 'Tree' of command @param is not found in the argument list of clear_tree(Tree *tr)
C:/Users/33782/OneDrive/Bureau/HUFFMAN PROJET/projet/huffman.h:67: warning: The following parameter of clear_tree(Tree *tr) is not documented:
  parameter 'tr'
C:/Users/33782/OneDrive/Bureau/HUFFMAN PROJET/projet/projet.c:236: warning: argument 'Tree' of command @param is not found in the argument list of comparer_noeud(Tree *n1, Tree *n2)
C:/Users/33782/OneDrive/Bureau/HUFFMAN PROJET/projet/projet.c:236: warning: argument 'Tree' of command @param is not found in the argument list of comparer_noeud(Tree *n1, Tree *n2)
C:/Users/33782/OneDrive/Bureau/HUFFMAN PROJET/projet/huffman.h:74: warning: The following parameters of comparer_noeud(Tree *n1, Tree *n2) are not documented:
  parameter 'n1'
  parameter 'n2'
C:/Users/33782/OneDrive/Bureau/HUFFMAN PROJET/projet/huffman.c:285: warning: argument 'FILE' of command @param is not found in the argument list of Compression(FILE *input)
C:/Users/33782/OneDrive/Bureau/HUFFMAN PROJET/projet/huffman.h:56: warning: The following parameter of Compression(FILE *input) is not documented:
  parameter 'input'
C:/Users/33782/OneDrive/Bureau/HUFFMAN PROJET/projet/huffman.c:15: warning: argument 'int' of command @param is not found in the argument list of conversion_binaire(int n)
C:/Users/33782/OneDrive/Bureau/HUFFMAN PROJET/projet/huffman.h:49: warning: The following parameter of conversion_binaire(int n) is not documented:
  parameter 'n'
C:/Users/33782/OneDrive/Bureau/HUFFMAN PROJET/projet/huffman.c:181: warning: argument 'Tree' of command @param is not found in the argument list of create_dico(Tree *a, PileElement **P, FILE *dico)
C:/Users/33782/OneDrive/Bureau/HUFFMAN PROJET/projet/huffman.c:181: warning: argument 'PileElement' of command @param is not found in the argument list of create_dico(Tree *a, PileElement **P, FILE *dico)
C:/Users/33782/OneDrive/Bureau/HUFFMAN PROJET/projet/huffman.c:181: warning: argument 'FILE' of command @param is not found in the argument list of create_dico(Tree *a, PileElement **P, FILE *dico)
C:/Users/33782/OneDrive/Bureau/HUFFMAN PROJET/projet/huffman.h:54: warning: The following parameters of create_dico(Tree *a, PileElement **P, FILE *dico) are not documented:
  parameter 'a'
  parameter 'P'
  parameter 'dico'
C:/Users/33782/OneDrive/Bureau/HUFFMAN PROJET/projet/projet.c:421: warning: argument 'FILE' of command @param is not found in the argument list of create_ListEncodage(FILE *dico)
C:/Users/33782/OneDrive/Bureau/HUFFMAN PROJET/projet/huffman.h:88: warning: The following parameter of create_ListEncodage(FILE *dico) is not documented:
  parameter 'dico'
C:/Users/33782/OneDrive/Bureau/HUFFMAN PROJET/projet/projet.c:108: warning: argument 'int' of command @param is not found in the argument list of create_node(int x, char car)
C:/Users/33782/OneDrive/Bureau/HUFFMAN PROJET/projet/projet.c:108: warning: argument 'char' of command @param is not found in the argument list of create_node(int x, char car)
C:/Users/33782/OneDrive/Bureau/HUFFMAN PROJET/projet/huffman.h:66: warning: The following parameters of create_node(int x, char car) are not documented:
  parameter 'x'
  parameter 'car'
C:/Users/33782/OneDrive/Bureau/HUFFMAN PROJET/projet/projet.c:320: warning: argument 'char' of command @param is not found in the argument list of create_pile(char car)
C:/Users/33782/OneDrive/Bureau/HUFFMAN PROJET/projet/huffman.h:80: warning: The following parameter of create_pile(char car) is not documented:
  parameter 'car'
C:/Users/33782/OneDrive/Bureau/HUFFMAN PROJET/projet/projet.c:147: warning: argument 'Tree' of command @param is not found in the argument list of create_tree(Tree *left, Tree *right, int poids)
C:/Users/33782/OneDrive/Bureau/HUFFMAN PROJET/projet/projet.c:147: warning: argument 'Tree' of command @param is not found in the argument list of create_tree(Tree *left, Tree *right, int poids)
C:/Users/33782/OneDrive/Bureau/HUFFMAN PROJET/projet/projet.c:147: warning: argument 'int' of command @param is not found in the argument list of create_tree(Tree *left, Tree *right, int poids)
C:/Users/33782/OneDrive/Bureau/HUFFMAN PROJET/projet/huffman.h:68: warning: The following parameters of create_tree(Tree *left, Tree *right, int poids) are not documented:
  parameter 'left'
  parameter 'right'
  parameter 'poids'
C:/Users/33782/OneDrive/Bureau/HUFFMAN PROJET/projet/projet.c:47: warning: argument 'List' of command @param is not found in the argument list of delete_list(List li)
C:/Users/33782/OneDrive/Bureau/HUFFMAN PROJET/projet/huffman.h:61: warning: The following parameter of delete_list(List li) is not documented:
  parameter 'li'
C:/Users/33782/OneDrive/Bureau/HUFFMAN PROJET/projet/projet.c:249: warning: argument 'Tree_list' of command @param is not found in the argument list of delete_node(Tree_list **li, Tree *node)
C:/Users/33782/OneDrive/Bureau/HUFFMAN PROJET/projet/projet.c:249: warning: argument 'Tree' of command @param is not found in the argument list of delete_node(Tree_list **li, Tree *node)
C:/Users/33782/OneDrive/Bureau/HUFFMAN PROJET/projet/huffman.h:75: warning: The following parameters of delete_node(Tree_list **li, Tree *node) are not documented:
  parameter 'li'
  parameter 'node'
C:/Users/33782/OneDrive/Bureau/HUFFMAN PROJET/projet/projet.c:353: warning: argument 'Stack' of command @param is not found in the argument list of depiler(Stack P)
C:/Users/33782/OneDrive/Bureau/HUFFMAN PROJET/projet/huffman.h:82: warning: The following parameter of depiler(Stack P) is not documented:
  parameter 'P'
C:/Users/33782/OneDrive/Bureau/HUFFMAN PROJET/projet/projet.c:394: warning: argument 'Stack' of command @param is not found in the argument list of ecrire_dico_pile(Stack P, FILE *dico)
C:/Users/33782/OneDrive/Bureau/HUFFMAN PROJET/projet/projet.c:394: warning: argument 'FILE' of command @param is not found in the argument list of ecrire_dico_pile(Stack P, FILE *dico)
C:/Users/33782/OneDrive/Bureau/HUFFMAN PROJET/projet/huffman.h:86: warning: The following parameters of ecrire_dico_pile(Stack P, FILE *dico) are not documented:
  parameter 'P'
  parameter 'dico'
C:/Users/33782/OneDrive/Bureau/HUFFMAN PROJET/projet/projet.c:333: warning: argument 'Stack' of command @param is not found in the argument list of empiler(Stack P, char car)
C:/Users/33782/OneDrive/Bureau/HUFFMAN PROJET/projet/projet.c:333: warning: argument 'char' of command @param is not found in the argument list of empiler(Stack P, char car)
C:/Users/33782/OneDrive/Bureau/HUFFMAN PROJET/projet/huffman.h:81: warning: The following parameters of empiler(Stack P, char car) are not documented:
  parameter 'P'
  parameter 'car'
C:/Users/33782/OneDrive/Bureau/HUFFMAN PROJET/projet/huffman.c:314: warning: argument 'FILE' of command @param is not found in the argument list of encodage_opti(FILE *input, FILE *dico)
C:/Users/33782/OneDrive/Bureau/HUFFMAN PROJET/projet/huffman.c:314: warning: argument 'FILE' of command @param is not found in the argument list of encodage_opti(FILE *input, FILE *dico)
C:/Users/33782/OneDrive/Bureau/HUFFMAN PROJET/projet/huffman.h:57: warning: The following parameters of encodage_opti(FILE *input, FILE *dico) are not documented:
  parameter 'input'
  parameter 'dico'
C:/Users/33782/OneDrive/Bureau/HUFFMAN PROJET/projet/projet.c:15: warning: argument 'List' of command @param is not found in the argument list of insert_list(List li, int occ, char car)
C:/Users/33782/OneDrive/Bureau/HUFFMAN PROJET/projet/projet.c:15: warning: argument 'int' of command @param is not found in the argument list of insert_list(List li, int occ, char car)
C:/Users/33782/OneDrive/Bureau/HUFFMAN PROJET/projet/projet.c:15: warning: argument 'char' of command @param is not found in the argument list of insert_list(List li, int occ, char car)
C:/Users/33782/OneDrive/Bureau/HUFFMAN PROJET/projet/huffman.h:60: warning: The following parameters of insert_list(List li, int occ, char car) are not documented:
  parameter 'li'
  parameter 'occ'
  parameter 'car'
C:/Users/33782/OneDrive/Bureau/HUFFMAN PROJET/projet/projet.c:196: warning: argument 'Tree_list' of command @param is not found in the argument list of insert_node(Tree_list **li, Tree *node)
C:/Users/33782/OneDrive/Bureau/HUFFMAN PROJET/projet/projet.c:196: warning: argument 'Tree' of command @param is not found in the argument list of insert_node(Tree_list **li, Tree *node)
C:/Users/33782/OneDrive/Bureau/HUFFMAN PROJET/projet/huffman.h:72: warning: The following parameters of insert_node(Tree_list **li, Tree *node) are not documented:
  parameter 'li'
  parameter 'node'
C:/Users/33782/OneDrive/Bureau/HUFFMAN PROJET/projet/huffman.c:93: warning: argument 'FILE' of command @param is not found in the argument list of list_huffman(FILE *f1)
C:/Users/33782/OneDrive/Bureau/HUFFMAN PROJET/projet/huffman.h:52: warning: The following parameter of list_huffman(FILE *f1) is not documented:
  parameter 'f1'
C:/Users/33782/OneDrive/Bureau/HUFFMAN PROJET/projet/projet.c:268: warning: argument 'Tree_list' of command @param is not found in the argument list of minimum_TreeList(Tree_list **li)
C:/Users/33782/OneDrive/Bureau/HUFFMAN PROJET/projet/huffman.h:76: warning: The following parameter of minimum_TreeList(Tree_list **li) is not documented:
  parameter 'li'
C:/Users/33782/OneDrive/Bureau/HUFFMAN PROJET/projet/projet.c:84: warning: argument 'List' of command @param is not found in the argument list of print_list(List li)
C:/Users/33782/OneDrive/Bureau/HUFFMAN PROJET/projet/huffman.h:63: warning: The following parameter of print_list(List li) is not documented:
  parameter 'li'
C:/Users/33782/OneDrive/Bureau/HUFFMAN PROJET/projet/projet.c:218: warning: argument 'Tree_list' of command @param is not found in the argument list of print_list_node(Tree_list *li)
C:/Users/33782/OneDrive/Bureau/HUFFMAN PROJET/projet/huffman.h:73: warning: The following parameter of print_list_node(Tree_list *li) is not documented:
  parameter 'li'
C:/Users/33782/OneDrive/Bureau/HUFFMAN PROJET/projet/projet.c:371: warning: argument 'Stack' of command @param is not found in the argument list of print_stack(Stack P)
C:/Users/33782/OneDrive/Bureau/HUFFMAN PROJET/projet/huffman.h:83: warning: The following parameter of print_stack(Stack P) is not documented:
  parameter 'P'
C:/Users/33782/OneDrive/Bureau/HUFFMAN PROJET/projet/projet.c:169: warning: argument 'Tree' of command @param is not found in the argument list of print_tree(Tree *tr)
C:/Users/33782/OneDrive/Bureau/HUFFMAN PROJET/projet/huffman.h:69: warning: The following parameter of print_tree(Tree *tr) is not documented:
  parameter 'tr'
C:/Users/33782/OneDrive/Bureau/HUFFMAN PROJET/projet/huffman.c:74: warning: argument 'FILE' of command @param is not found in the argument list of size_fic(FILE *fic)
C:/Users/33782/OneDrive/Bureau/HUFFMAN PROJET/projet/huffman.h:51: warning: The following parameter of size_fic(FILE *fic) is not documented:
  parameter 'fic'
C:/Users/33782/OneDrive/Bureau/HUFFMAN PROJET/projet/projet.c:297: warning: argument 'Tree_list' of command @param is not found in the argument list of Treelist_length(Tree_list *li)
C:/Users/33782/OneDrive/Bureau/HUFFMAN PROJET/projet/huffman.h:77: warning: The following parameter of Treelist_length(Tree_list *li) is not documented:
  parameter 'li'
C:/Users/33782/OneDrive/Bureau/HUFFMAN PROJET/projet/projet.c:70: warning: argument 'List' of command @param is not found in the argument list of clear_list(List li)
C:/Users/33782/OneDrive/Bureau/HUFFMAN PROJET/projet/projet.c:74: warning: The following parameter of clear_list(List li) is not documented:
  parameter 'li'
C:/Users/33782/OneDrive/Bureau/HUFFMAN PROJET/projet/projet.c:133: warning: argument 'Tree' of command @param is not found in the argument list of clear_tree(Tree *tr)
C:/Users/33782/OneDrive/Bureau/HUFFMAN PROJET/projet/projet.c:137: warning: The following parameter of clear_tree(Tree *tr) is not documented:
  parameter 'tr'
C:/Users/33782/OneDrive/Bureau/HUFFMAN PROJET/projet/projet.c:236: warning: argument 'Tree' of command @param is not found in the argument list of comparer_noeud(Tree *n1, Tree *n2)
C:/Users/33782/OneDrive/Bureau/HUFFMAN PROJET/projet/projet.c:236: warning: argument 'Tree' of command @param is not found in the argument list of comparer_noeud(Tree *n1, Tree *n2)
C:/Users/33782/OneDrive/Bureau/HUFFMAN PROJET/projet/projet.c:242: warning: The following parameters of comparer_noeud(Tree *n1, Tree *n2) are not documented:
  parameter 'n1'
  parameter 'n2'
C:/Users/33782/OneDrive/Bureau/HUFFMAN PROJET/projet/projet.c:421: warning: argument 'FILE' of command @param is not found in the argument list of create_ListEncodage(FILE *dico)
C:/Users/33782/OneDrive/Bureau/HUFFMAN PROJET/projet/projet.c:426: warning: The following parameter of create_ListEncodage(FILE *dico) is not documented:
  parameter 'dico'
C:/Users/33782/OneDrive/Bureau/HUFFMAN PROJET/projet/projet.c:108: warning: argument 'int' of command @param is not found in the argument list of create_node(int x, char car)
C:/Users/33782/OneDrive/Bureau/HUFFMAN PROJET/projet/projet.c:108: warning: argument 'char' of command @param is not found in the argument list of create_node(int x, char car)
C:/Users/33782/OneDrive/Bureau/HUFFMAN PROJET/projet/projet.c:114: warning: The following parameters of create_node(int x, char car) are not documented:
  parameter 'x'
  parameter 'car'
C:/Users/33782/OneDrive/Bureau/HUFFMAN PROJET/projet/projet.c:320: warning: argument 'char' of command @param is not found in the argument list of create_pile(char car)
C:/Users/33782/OneDrive/Bureau/HUFFMAN PROJET/projet/projet.c:325: warning: The following parameter of create_pile(char car) is not documented:
  parameter 'car'
C:/Users/33782/OneDrive/Bureau/HUFFMAN PROJET/projet/projet.c:147: warning: argument 'Tree' of command @param is not found in the argument list of create_tree(Tree *left, Tree *right, int poids)
C:/Users/33782/OneDrive/Bureau/HUFFMAN PROJET/projet/projet.c:147: warning: argument 'Tree' of command @param is not found in the argument list of create_tree(Tree *left, Tree *right, int poids)
C:/Users/33782/OneDrive/Bureau/HUFFMAN PROJET/projet/projet.c:147: warning: argument 'int' of command @param is not found in the argument list of create_tree(Tree *left, Tree *right, int poids)
C:/Users/33782/OneDrive/Bureau/HUFFMAN PROJET/projet/projet.c:154: warning: The following parameters of create_tree(Tree *left, Tree *right, int poids) are not documented:
  parameter 'left'
  parameter 'right'
  parameter 'poids'
C:/Users/33782/OneDrive/Bureau/HUFFMAN PROJET/projet/projet.c:47: warning: argument 'List' of command @param is not found in the argument list of delete_list(List li)
C:/Users/33782/OneDrive/Bureau/HUFFMAN PROJET/projet/projet.c:52: warning: The following parameter of delete_list(List li) is not documented:
  parameter 'li'
C:/Users/33782/OneDrive/Bureau/HUFFMAN PROJET/projet/projet.c:249: warning: argument 'Tree_list' of command @param is not found in the argument list of delete_node(Tree_list **li, Tree *node)
C:/Users/33782/OneDrive/Bureau/HUFFMAN PROJET/projet/projet.c:249: warning: argument 'Tree' of command @param is not found in the argument list of delete_node(Tree_list **li, Tree *node)
C:/Users/33782/OneDrive/Bureau/HUFFMAN PROJET/projet/projet.c:254: warning: The following parameters of delete_node(Tree_list **li, Tree *node) are not documented:
  parameter 'li'
  parameter 'node'
C:/Users/33782/OneDrive/Bureau/HUFFMAN PROJET/projet/projet.c:353: warning: argument 'Stack' of command @param is not found in the argument list of depiler(Stack P)
C:/Users/33782/OneDrive/Bureau/HUFFMAN PROJET/projet/projet.c:358: warning: The following parameter of depiler(Stack P) is not documented:
  parameter 'P'
C:/Users/33782/OneDrive/Bureau/HUFFMAN PROJET/projet/projet.c:394: warning: argument 'Stack' of command @param is not found in the argument list of ecrire_dico_pile(Stack P, FILE *dico)
C:/Users/33782/OneDrive/Bureau/HUFFMAN PROJET/projet/projet.c:394: warning: argument 'FILE' of command @param is not found in the argument list of ecrire_dico_pile(Stack P, FILE *dico)
C:/Users/33782/OneDrive/Bureau/HUFFMAN PROJET/projet/projet.c:399: warning: The following parameters of ecrire_dico_pile(Stack P, FILE *dico) are not documented:
  parameter 'P'
  parameter 'dico'
C:/Users/33782/OneDrive/Bureau/HUFFMAN PROJET/projet/projet.c:333: warning: argument 'Stack' of command @param is not found in the argument list of empiler(Stack P, char car)
C:/Users/33782/OneDrive/Bureau/HUFFMAN PROJET/projet/projet.c:333: warning: argument 'char' of command @param is not found in the argument list of empiler(Stack P, char car)
C:/Users/33782/OneDrive/Bureau/HUFFMAN PROJET/projet/projet.c:339: warning: The following parameters of empiler(Stack P, char car) are not documented:
  parameter 'P'
  parameter 'car'
C:/Users/33782/OneDrive/Bureau/HUFFMAN PROJET/projet/projet.c:15: warning: argument 'List' of command @param is not found in the argument list of insert_list(List li, int occ, char car)
C:/Users/33782/OneDrive/Bureau/HUFFMAN PROJET/projet/projet.c:15: warning: argument 'int' of command @param is not found in the argument list of insert_list(List li, int occ, char car)
C:/Users/33782/OneDrive/Bureau/HUFFMAN PROJET/projet/projet.c:15: warning: argument 'char' of command @param is not found in the argument list of insert_list(List li, int occ, char car)
C:/Users/33782/OneDrive/Bureau/HUFFMAN PROJET/projet/projet.c:22: warning: The following parameters of insert_list(List li, int occ, char car) are not documented:
  parameter 'li'
  parameter 'occ'
  parameter 'car'
C:/Users/33782/OneDrive/Bureau/HUFFMAN PROJET/projet/projet.c:196: warning: argument 'Tree_list' of command @param is not found in the argument list of insert_node(Tree_list **li, Tree *node)
C:/Users/33782/OneDrive/Bureau/HUFFMAN PROJET/projet/projet.c:196: warning: argument 'Tree' of command @param is not found in the argument list of insert_node(Tree_list **li, Tree *node)
C:/Users/33782/OneDrive/Bureau/HUFFMAN PROJET/projet/projet.c:201: warning: The following parameters of insert_node(Tree_list **li, Tree *node) are not documented:
  parameter 'li'
  parameter 'node'
C:/Users/33782/OneDrive/Bureau/HUFFMAN PROJET/projet/projet.c:408: warning: argument 'FILE' of command @param is not found in the argument list of lire_charactere(FILE *dico)
C:/Users/33782/OneDrive/Bureau/HUFFMAN PROJET/projet/projet.c:413: warning: The following parameter of lire_charactere(FILE *dico) is not documented:
  parameter 'dico'
C:/Users/33782/OneDrive/Bureau/HUFFMAN PROJET/projet/projet.c:268: warning: argument 'Tree_list' of command @param is not found in the argument list of minimum_TreeList(Tree_list **li)
C:/Users/33782/OneDrive/Bureau/HUFFMAN PROJET/projet/projet.c:273: warning: The following parameter of minimum_TreeList(Tree_list **li) is not documented:
  parameter 'li'
C:/Users/33782/OneDrive/Bureau/HUFFMAN PROJET/projet/projet.c:84: warning: argument 'List' of command @param is not found in the argument list of print_list(List li)
C:/Users/33782/OneDrive/Bureau/HUFFMAN PROJET/projet/projet.c:87: warning: The following parameter of print_list(List li) is not documented:
  parameter 'li'
C:/Users/33782/OneDrive/Bureau/HUFFMAN PROJET/projet/projet.c:218: warning: argument 'Tree_list' of command @param is not found in the argument list of print_list_node(Tree_list *li)
C:/Users/33782/OneDrive/Bureau/HUFFMAN PROJET/projet/projet.c:222: warning: The following parameter of print_list_node(Tree_list *li) is not documented:
  parameter 'li'
C:/Users/33782/OneDrive/Bureau/HUFFMAN PROJET/projet/projet.c:371: warning: argument 'Stack' of command @param is not found in the argument list of print_stack(Stack P)
C:/Users/33782/OneDrive/Bureau/HUFFMAN PROJET/projet/projet.c:375: warning: The following parameter of print_stack(Stack P) is not documented:
  parameter 'P'
C:/Users/33782/OneDrive/Bureau/HUFFMAN PROJET/projet/projet.c:169: warning: argument 'Tree' of command @param is not found in the argument list of print_tree(Tree *tr)
C:/Users/33782/OneDrive/Bureau/HUFFMAN PROJET/projet/projet.c:173: warning: The following parameter of print_tree(Tree *tr) is not documented:
  parameter 'tr'
C:/Users/33782/OneDrive/Bureau/HUFFMAN PROJET/projet/projet.c:297: warning: argument 'Tree_list' of command @param is not found in the argument list of Treelist_length(Tree_list *li)
C:/Users/33782/OneDrive/Bureau/HUFFMAN PROJET/projet/projet.c:302: warning: The following parameter of Treelist_length(Tree_list *li) is not documented:
  parameter 'li'
